-------------------------------------------------------------------------------
Test set: com.hcl.cloud.cart.CartApplicationTests
-------------------------------------------------------------------------------
Tests run: 1, Failures: 0, Errors: 1, Skipped: 0, Time elapsed: 0.365 s <<< FAILURE! - in com.hcl.cloud.cart.CartApplicationTests
initializationError(com.hcl.cloud.cart.CartApplicationTests)  Time elapsed: 0.005 s  <<< ERROR!
java.lang.Exception: No runnable methods

